[ 2016-12-31T21:46:02+08:00 ] 127.0.0.1 /huanhuan/Public/qwadmin/css/bootstrap.css
INFO: [ app_init ] --START--
INFO: Run Behavior\BuildLiteBehavior [ RunTime:0.000021s ]
INFO: [ app_init ] --END-- [ RunTime:0.000325s ]
ERR: 无法加载模块:Public

[ 2016-12-31T21:46:02+08:00 ] 127.0.0.1 /huanhuan/Public/qwadmin/css/font-awesome.css
INFO: [ app_init ] --START--
INFO: Run Behavior\BuildLiteBehavior [ RunTime:0.000013s ]
INFO: [ app_init ] --END-- [ RunTime:0.000417s ]
ERR: 无法加载模块:Public

[ 2016-12-31T21:46:02+08:00 ] 127.0.0.1 /huanhuan/Public/qwadmin/css/ace-fonts.css
INFO: [ app_init ] --START--
INFO: Run Behavior\BuildLiteBehavior [ RunTime:0.000018s ]
INFO: [ app_init ] --END-- [ RunTime:0.001646s ]
ERR: 无法加载模块:Public

[ 2016-12-31T21:46:02+08:00 ] 127.0.0.1 /huanhuan/Public/qwadmin/js/ace-extra.js
INFO: [ app_init ] --START--
INFO: Run Behavior\BuildLiteBehavior [ RunTime:0.000013s ]
INFO: [ app_init ] --END-- [ RunTime:0.000440s ]
ERR: 无法加载模块:Public


[ 2016-12-31T21:46:22+08:00 ] 127.0.0.1 /huanhuan/Public/qwadmin/css/bootstrap.css
INFO: [ app_init ] --START--
INFO: Run Behavior\BuildLiteBehavior [ RunTime:0.000014s ]
INFO: [ app_init ] --END-- [ RunTime:0.000372s ]
ERR: 无法加载模块:Public

[ 2016-12-31T21:46:22+08:00 ] 127.0.0.1 /huanhuan/Public/qwadmin/css/font-awesome.css
INFO: [ app_init ] --START--
INFO: Run Behavior\BuildLiteBehavior [ RunTime:0.000014s ]
INFO: [ app_init ] --END-- [ RunTime:0.000333s ]
ERR: 无法加载模块:Public

[ 2016-12-31T21:46:22+08:00 ] 127.0.0.1 /huanhuan/Public/qwadmin/css/jquery-ui.css
INFO: [ app_init ] --START--
INFO: Run Behavior\BuildLiteBehavior [ RunTime:0.000016s ]
INFO: [ app_init ] --END-- [ RunTime:0.000408s ]
ERR: 无法加载模块:Public

[ 2016-12-31T21:46:22+08:00 ] 127.0.0.1 /huanhuan/Public/qwadmin/css/ace-fonts.css
INFO: [ app_init ] --START--
INFO: Run Behavior\BuildLiteBehavior [ RunTime:0.000013s ]
INFO: [ app_init ] --END-- [ RunTime:0.000356s ]
ERR: 无法加载模块:Public

[ 2016-12-31T21:46:22+08:00 ] 127.0.0.1 /huanhuan/Public/qwadmin/css/ace.css
INFO: [ app_init ] --START--
INFO: Run Behavior\BuildLiteBehavior [ RunTime:0.000014s ]
INFO: [ app_init ] --END-- [ RunTime:0.000360s ]
ERR: 无法加载模块:Public

[ 2016-12-31T21:46:22+08:00 ] 127.0.0.1 /huanhuan/Public/qwadmin/js/ace-extra.js
INFO: [ app_init ] --START--
INFO: Run Behavior\BuildLiteBehavior [ RunTime:0.000013s ]
INFO: [ app_init ] --END-- [ RunTime:0.000306s ]
ERR: 无法加载模块:Public

